[0m[[0m[0mdebug[0m] [0m[0m> Exec(compile, None, None)[0m
[0m[[0m[0mdebug[0m] [0m[0mEvaluating tasks: Compile / compile[0m
[0m[[0m[0mdebug[0m] [0m[0mRunning task... Cancel: Signal, check cycles: false, forcegc: true[0m
[0m[[0m[0minfo[0m] [0m[0mcompiling 15 Scala sources to /home/u/repos/binet/target/scala-3.1.3/classes ...[0m
[0m[[0m[31merror[0m] [0m[0m[31m[31m-- Error: /home/u/repos/binet/src/main/scala/net/mem_memov/binet/memory/Inventory.scala:30:0 [0m[0m[0m
[0m[[0m[31merror[0m] [0m[0m[31m30 |[0m[0m
[0m[[0m[31merror[0m] [0m[0m[31m[31m   |[0m^[0m[0m
[0m[[0m[31merror[0m] [0m[0m[31m   |[0mindented definitions expected, unindent found[0m
[0m[[0m[31merror[0m] [0m[0m[31m[31m-- [E018] Syntax Error: /home/u/repos/binet/src/main/scala/net/mem_memov/binet/memory/element/StockElement.scala:35:12 [0m[0m[0m
[0m[[0m[31merror[0m] [0m[0m[31m35 |[0m        [33melse[0m[0m
[0m[[0m[31merror[0m] [0m[0m[31m[31m   |[0m            ^[0m[0m
[0m[[0m[31merror[0m] [0m[0m[31m   |[0m            expression expected but [31munindent[0m found[0m
[0m[[0m[31merror[0m] [0m[0m[31m   |[0m[0m
[0m[[0m[31merror[0m] [0m[0m[31m   |[0m longer explanation available when compiling with `-explain`[0m
[0m[[0m[31merror[0m] [0m[0m[31m[31m-- Error: /home/u/repos/binet/src/main/scala/net/mem_memov/binet/memory/address/DefaultAddress.scala:77:19 [0m[0m[0m
[0m[[0m[31merror[0m] [0m[0m[31m77 |[0m    [33mif[0m trimmedThis.length != trimmedThat.length [33mthen[0m[0m
[0m[[0m[31merror[0m] [0m[0m[31m[31m   |[0m       ^^^^^^^^^^^^^^^^^^[0m[0m
[0m[[0m[31merror[0m] [0m[0m[31m   |[0m[33mlazy value[0m [35mlength[0m cannot be accessed as a member of (trimmedThis : net.mem_memov.binet.memory.Address) from class DefaultAddress.[0m
[0m[[0m[31merror[0m] [0m[0m[31m   |[0m Access to protected [33mlazy value[0m [35mlength[0m not permitted because prefix type net.mem_memov.binet.memory.Address[0m
[0m[[0m[31merror[0m] [0m[0m[31m   |[0m does not conform to [33mclass[0m [35mDefaultAddress[0m in [33mpackage[0m [35mnet.mem_memov.binet.memory.address[0m where the access takes place[0m
[0m[[0m[31merror[0m] [0m[0m[31m[31m-- Error: /home/u/repos/binet/src/main/scala/net/mem_memov/binet/memory/address/DefaultAddress.scala:78:18 [0m[0m[0m
[0m[[0m[31merror[0m] [0m[0m[31m78 |[0m      trimmedThis.length - trimmedThat.length[0m
[0m[[0m[31merror[0m] [0m[0m[31m[31m   |[0m      ^^^^^^^^^^^^^^^^^^[0m[0m
[0m[[0m[31merror[0m] [0m[0m[31m   |[0m[33mlazy value[0m [35mlength[0m cannot be accessed as a member of (trimmedThis : net.mem_memov.binet.memory.Address) from class DefaultAddress.[0m
[0m[[0m[31merror[0m] [0m[0m[31m   |[0m Access to protected [33mlazy value[0m [35mlength[0m not permitted because prefix type net.mem_memov.binet.memory.Address[0m
[0m[[0m[31merror[0m] [0m[0m[31m   |[0m does not conform to [33mclass[0m [35mDefaultAddress[0m in [33mpackage[0m [35mnet.mem_memov.binet.memory.address[0m where the access takes place[0m
[0m[[0m[31merror[0m] [0m[0m[31m[31m-- Error: /home/u/repos/binet/src/main/scala/net/mem_memov/binet/memory/address/DefaultAddress.scala:80:35 [0m[0m[0m
[0m[[0m[31merror[0m] [0m[0m[31m80 |[0m      [33mval[0m [36mdifference[0m = trimmedThis.indices.zip(trimmedThat.indices)[0m
[0m[[0m[31merror[0m] [0m[0m[31m[31m   |[0m                       ^^^^^^^^^^^^^^^^^^^[0m[0m
[0m[[0m[31merror[0m] [0m[0m[31m   |[0m[33mvalue[0m [35mindices[0m cannot be accessed as a member of (trimmedThis : net.mem_memov.binet.memory.Address) from class DefaultAddress.[0m
[0m[[0m[31merror[0m] [0m[0m[31m   |[0m Access to protected [33mvalue[0m [35mindices[0m not permitted because prefix type net.mem_memov.binet.memory.Address[0m
[0m[[0m[31merror[0m] [0m[0m[31m   |[0m does not conform to [33mclass[0m [35mDefaultAddress[0m in [33mpackage[0m [35mnet.mem_memov.binet.memory.address[0m where the access takes place[0m
[0m[[0m[31merror[0m] [0m[0m[31m[31m-- [E045] Cyclic Error: /home/u/repos/binet/src/main/scala/net/mem_memov/binet/memory/address/DefaultAddress.scala:87:13 [0m[0m[0m
[0m[[0m[31merror[0m] [0m[0m[31m87 |[0m        [33mval[0m (thisIndex, thatIndex) = difference([31m0[0m)[0m
[0m[[0m[31merror[0m] [0m[0m[31m[31m   |[0m             ^[0m[0m
[0m[[0m[31merror[0m] [0m[0m[31m   |[0m             Recursive [33mvalue[0m [35m$7$[0m needs type[0m
[0m[[0m[31merror[0m] [0m[0m[31m   |[0m[0m
[0m[[0m[31merror[0m] [0m[0m[31m   |[0m longer explanation available when compiling with `-explain`[0m
[0m[[0m[31merror[0m] [0m[0m[31m[31m-- [E045] Cyclic Error: /home/u/repos/binet/src/main/scala/net/mem_memov/binet/memory/address/DefaultAddress.scala:87:24 [0m[0m[0m
[0m[[0m[31merror[0m] [0m[0m[31m87 |[0m        [33mval[0m (thisIndex, thatIndex) = difference([31m0[0m)[0m
[0m[[0m[31merror[0m] [0m[0m[31m[31m   |[0m                        ^[0m[0m
[0m[[0m[31merror[0m] [0m[0m[31m   |[0m                        Recursive [33mvalue[0m [35m$7$[0m needs type[0m
[0m[[0m[31merror[0m] [0m[0m[31m   |[0m[0m
[0m[[0m[31merror[0m] [0m[0m[31m   |[0m longer explanation available when compiling with `-explain`[0m
[0m[[0m[31merror[0m] [0m[0m[31m[31m-- Error: /home/u/repos/binet/src/main/scala/net/mem_memov/binet/memory/address/DefaultAddress.scala:123:17 [0m[0m[0m
[0m[[0m[31merror[0m] [0m[0m[31m123 |[0m      [33mif[0m trimmed.length == target [33mthen[0m[0m
[0m[[0m[31merror[0m] [0m[0m[31m[31m    |[0m         ^^^^^^^^^^^^^^[0m[0m
[0m[[0m[31merror[0m] [0m[0m[31m    |[0m[33mlazy value[0m [35mlength[0m cannot be accessed as a member of (trimmed : net.mem_memov.binet.memory.Address) from class DefaultAddress.[0m
[0m[[0m[31merror[0m] [0m[0m[31m    |[0m Access to protected [33mlazy value[0m [35mlength[0m not permitted because prefix type net.mem_memov.binet.memory.Address[0m
[0m[[0m[31merror[0m] [0m[0m[31m    |[0m does not conform to [33mclass[0m [35mDefaultAddress[0m in [33mpackage[0m [35mnet.mem_memov.binet.memory.address[0m where the access takes place[0m
[0m[[0m[31merror[0m] [0m[0m[31m[31m-- Error: /home/u/repos/binet/src/main/scala/net/mem_memov/binet/memory/address/DefaultAddress.scala:126:19 [0m[0m[0m
[0m[[0m[31merror[0m] [0m[0m[31m126 |[0m        [33mif[0m trimmed.length > target [33mthen[0m[0m
[0m[[0m[31merror[0m] [0m[0m[31m[31m    |[0m           ^^^^^^^^^^^^^^[0m[0m
[0m[[0m[31merror[0m] [0m[0m[31m    |[0m[33mlazy value[0m [35mlength[0m cannot be accessed as a member of (trimmed : net.mem_memov.binet.memory.Address) from class DefaultAddress.[0m
[0m[[0m[31merror[0m] [0m[0m[31m    |[0m Access to protected [33mlazy value[0m [35mlength[0m not permitted because prefix type net.mem_memov.binet.memory.Address[0m
[0m[[0m[31merror[0m] [0m[0m[31m    |[0m does not conform to [33mclass[0m [35mDefaultAddress[0m in [33mpackage[0m [35mnet.mem_memov.binet.memory.address[0m where the access takes place[0m
[0m[[0m[31merror[0m] [0m[0m[31m[31m-- [E007] Type Mismatch Error: /home/u/repos/binet/src/main/scala/net/mem_memov/binet/memory/element/StoreElement.scala:27:62 [0m[0m[0m
[0m[[0m[31merror[0m] [0m[0m[31m27 |[0m          } [33myield[0m StockElement(stockLevel, updatedStock).write(rest, content)[0m
[0m[[0m[31merror[0m] [0m[0m[31m[31m   |[0m                  ^^^^^^^^^^^^^^^^^^^^^^^^^^^^^^^^^^^^^^^^^^^^^^^^^^^^^^^^^^^[0m[0m
[0m[[0m[31merror[0m] [0m[0m[31m   |[0m            Found:    [1m[31mEither[0m[1m[31m[[0m[1m[31mString[0m[1m[31m,[0m[1m[31m [0mnet.mem_memov.binet.memory.Element[1m[31m][0m[0m
[0m[[0m[31merror[0m] [0m[0m[31m   |[0m            Required: net.mem_memov.binet.memory.Element[0m
[0m[[0m[31merror[0m] [0m[0m[31m   |[0m[0m
[0m[[0m[31merror[0m] [0m[0m[31m   |[0m longer explanation available when compiling with `-explain`[0m
[0m[[0m[31merror[0m] [0m[0m[31m[31m-- Error: /home/u/repos/binet/src/main/scala/net/mem_memov/binet/memory/level/DefaultLevel.scala:16:33 [0m[0m[0m
[0m[[0m[31merror[0m] [0m[0m[31m16 |[0m      Vector.fill[[35mElement[0m](Level.size)(Element(level, Option.empty, Option.empty))[0m
[0m[[0m[31merror[0m] [0m[0m[31m[31m   |[0m                           ^^^^^^^^^^[0m[0m
[0m[[0m[31merror[0m] [0m[0m[31m   |[0m[33mlazy value[0m [35msize[0m cannot be accessed as a member of net.mem_memov.binet.memory.Level.type from class DefaultLevel.[0m
[0m[[0m[31merror[0m] [0m[0m[31m[31m-- [E006] Not Found Error: /home/u/repos/binet/src/main/scala/net/mem_memov/binet/memory/level/DefaultLevel.scala:16:47 [0m[0m[0m
[0m[[0m[31merror[0m] [0m[0m[31m16 |[0m      Vector.fill[[35mElement[0m](Level.size)(Element(level, Option.empty, Option.empty))[0m
[0m[[0m[31merror[0m] [0m[0m[31m[31m   |[0m                                               ^^^^^[0m[0m
[0m[[0m[31merror[0m] [0m[0m[31m   |[0m                                               Not found: level[0m
[0m[[0m[31merror[0m] [0m[0m[31m   |[0m[0m
[0m[[0m[31merror[0m] [0m[0m[31m   |[0m longer explanation available when compiling with `-explain`[0m
[0m[[0m[31merror[0m] [0m[0m[31m[31m-- [E007] Type Mismatch Error: /home/u/repos/binet/src/main/scala/net/mem_memov/binet/memory/level/DefaultLevel.scala:16:54 [0m[0m[0m
[0m[[0m[31merror[0m] [0m[0m[31m16 |[0m      Vector.fill[[35mElement[0m](Level.size)(Element(level, Option.empty, Option.empty))[0m
[0m[[0m[31merror[0m] [0m[0m[31m[31m   |[0m                                                      ^^^^^^^^^^^^[0m[0m
[0m[[0m[31merror[0m] [0m[0m[31m   |[0m                              Found:    Option[Nothing][0m
[0m[[0m[31merror[0m] [0m[0m[31m   |[0m                              Required: net.mem_memov.binet.memory.Store[0m
[0m[[0m[31merror[0m] [0m[0m[31m   |[0m[0m
[0m[[0m[31merror[0m] [0m[0m[31m   |[0m longer explanation available when compiling with `-explain`[0m
[0m[[0m[31merror[0m] [0m[0m[31m[31m-- Error: /home/u/repos/binet/src/main/scala/net/mem_memov/binet/memory/level/DefaultLevel.scala:16:75 [0m[0m[0m
[0m[[0m[31merror[0m] [0m[0m[31m16 |[0m      Vector.fill[[35mElement[0m](Level.size)(Element(level, Option.empty, Option.empty))[0m
[0m[[0m[31merror[0m] [0m[0m[31m[31m   |[0m                                                                    ^^^^^^^^^^^^[0m[0m
[0m[[0m[31merror[0m] [0m[0m[31m   |[0mtoo many arguments for [33mmethod[0m [35mapply[0m in [33mobject[0m [35mElement[0m: (level: net.mem_memov.binet.memory.Level, store: [0m
[0m[[0m[31merror[0m] [0m[0m[31m   |[0m  net.mem_memov.binet.memory.Store[0m
[0m[[0m[31merror[0m] [0m[0m[31m   |[0m): net.mem_memov.binet.memory.Element[0m
[0m[[0m[31merror[0m] [0m[0m14 errors found[0m
[0m[[0m[0mdebug[0m] [0m[0mForcing garbage collection...[0m
[0m[[0m[31merror[0m] [0m[0m(Compile / [31mcompileIncremental[0m) Compilation failed[0m
[0m[[0m[31merror[0m] [0m[0mTotal time: 1 s, completed 19 Oct. 2022, 4:09:16 pm[0m
[0m[[0m[0mdebug[0m] [0m[0m> Exec(idea-shell, None, None)[0m
