[0m[[0m[0mdebug[0m] [0m[0m> Exec(all {file:/home/u/repos/binet/}root/products {file:/home/u/repos/binet/}root/test:products, None, None)[0m
[0m[[0m[0mdebug[0m] [0m[0mEvaluating tasks: Compile / products, Test / products[0m
[0m[[0m[0mdebug[0m] [0m[0mRunning task... Cancel: Signal, check cycles: false, forcegc: true[0m
[0m[[0m[0minfo[0m] [0m[0mcompiling 1 Scala source to /home/u/repos/binet/target/scala-3.1.3/classes ...[0m
[0m[[0m[31merror[0m] [0m[0m[31m[31m-- Error: /home/u/repos/binet/src/main/scala/net/mem_memov/binet/memory/Level.scala:17:37 [0m[0m[0m
[0m[[0m[31merror[0m] [0m[0m[31m17 |[0m    [33mval[0m [36mnextLevel[0m = [33mnew[0m [35mLevel[0m(number + [31m1[0m)[0m
[0m[[0m[31merror[0m] [0m[0m[31m[31m   |[0m                              ^^^^^^^^^^[0m[0m
[0m[[0m[31merror[0m] [0m[0m[31m   |[0mtoo many arguments for [33mconstructor[0m [35mLevel[0m in [33mtrait[0m [35mLevel[0m: (): net.mem_memov.binet.memory.Level[0m
[0m[[0m[31merror[0m] [0m[0m[31m[31m-- Error: /home/u/repos/binet/src/main/scala/net/mem_memov/binet/memory/Level.scala:19:33 [0m[0m[0m
[0m[[0m[31merror[0m] [0m[0m[31m19 |[0m      Vector.fill[[35mElement[0m](Level.size)(Element(nextLevel, Option.empty, Option.empty))[0m
[0m[[0m[31merror[0m] [0m[0m[31m[31m   |[0m                           ^^^^^^^^^^[0m[0m
[0m[[0m[31merror[0m] [0m[0m[31m   |[0m[33mlazy value[0m [35msize[0m cannot be accessed as a member of net.mem_memov.binet.memory.Level.type from class Level_.[0m
[0m[[0m[31merror[0m] [0m[0m[31m[31m-- [E008] Not Found Error: /home/u/repos/binet/src/main/scala/net/mem_memov/binet/memory/Level.scala:26:23 [0m[0m[0m
[0m[[0m[31merror[0m] [0m[0m[31m26 |[0m    [33mthis[0m.number - that.number[0m
[0m[[0m[31merror[0m] [0m[0m[31m[31m   |[0m                  ^^^^^^^^^^^[0m[0m
[0m[[0m[31merror[0m] [0m[0m[31m   |[0m        value number is not a member of net.mem_memov.binet.memory.Level[0m
[0m[[0m[31merror[0m] [0m[0m[31m[31m-- Error: /home/u/repos/binet/src/main/scala/net/mem_memov/binet/memory/Level.scala:45:23 [0m[0m[0m
[0m[[0m[31merror[0m] [0m[0m[31m45 |[0m  [33mval[0m [36mtop[0m: [35mLevel[0m = [33mnew[0m [35mLevel_[0m([31m0[0m)[0m
[0m[[0m[31merror[0m] [0m[0m[31m[31m   |[0m                       ^^^^^^[0m[0m
[0m[[0m[31merror[0m] [0m[0m[31m   |[0m[33mconstructor[0m [35mLevel_[0m cannot be accessed as a member of net.mem_memov.binet.memory.Level_ from module class Level$.[0m
[0m[[0m[31merror[0m] [0m[0mfour errors found[0m
[0m[[0m[0mdebug[0m] [0m[0mForcing garbage collection...[0m
[0m[[0m[31merror[0m] [0m[0m(Compile / [31mcompileIncremental[0m) Compilation failed[0m
[0m[[0m[31merror[0m] [0m[0mTotal time: 1 s, completed 12 Oct. 2022, 7:52:05 pm[0m
[0m[[0m[0mdebug[0m] [0m[0m> Exec(idea-shell, None, None)[0m
