[0m[[0m[0mdebug[0m] [0m[0m> Exec(all {file:/home/u/repos/binet/}root/products {file:/home/u/repos/binet/}root/test:products, None, None)[0m
[0m[[0m[0mdebug[0m] [0m[0mEvaluating tasks: Compile / products, Test / products[0m
[0m[[0m[0mdebug[0m] [0m[0mRunning task... Cancel: Signal, check cycles: false, forcegc: true[0m
[0m[[0m[0minfo[0m] [0m[0mcompiling 1 Scala source to /home/u/repos/binet/target/scala-3.2.1/classes ...[0m
[0m[[0m[31merror[0m] [0m[0m[31m[31m-- [E040] Syntax Error: /home/u/repos/binet/src/main/scala/net/mem_memov/binet/memory/specific/Store.scala:39:20 [0m[0m[0m
[0m[[0m[31merror[0m] [0m[0m[31m39 |[0m    SupplementBlocks[[35mCONTENT[0m, [35mBlock[0m],[0m
[0m[[0m[31merror[0m] [0m[0m[31m[31m   |[0m                    ^[0m[0m
[0m[[0m[31merror[0m] [0m[0m[31m   |[0m                    ':' expected, but '[' found[0m
[0m[[0m[31merror[0m] [0m[0m[31m[31m-- [E040] Syntax Error: /home/u/repos/binet/src/main/scala/net/mem_memov/binet/memory/specific/Store.scala:40:9 [0m[0m[0m
[0m[[0m[31merror[0m] [0m[0m[31m40 |[0m    Write[[35mCONTENT[0m, [35mBlock[0m][0m
[0m[[0m[31merror[0m] [0m[0m[31m[31m   |[0m         ^[0m[0m
[0m[[0m[31merror[0m] [0m[0m[31m   |[0m         ':' expected, but '[' found[0m
[0m[[0m[31merror[0m] [0m[0m[31m[31m-- [E008] Not Found Error: /home/u/repos/binet/src/main/scala/net/mem_memov/binet/memory/specific/Store.scala:50:35 [0m[0m[0m
[0m[[0m[31merror[0m] [0m[0m[31m50 |[0m      [33mval[0m [36mappendedBlocks[0m = content.supplementBlocks(store.blocks.length)[0m
[0m[[0m[31merror[0m] [0m[0m[31m[31m   |[0m                           ^^^^^^^^^^^^^^^^^^^^^^^^[0m[0m
[0m[[0m[31merror[0m] [0m[0m[31m   |[0m                       value supplementBlocks is not a member of CONTENT[0m
[0m[[0m[31merror[0m] [0m[0m[31m[31m-- [E008] Not Found Error: /home/u/repos/binet/src/main/scala/net/mem_memov/binet/memory/specific/Store.scala:54:16 [0m[0m[0m
[0m[[0m[31merror[0m] [0m[0m[31m54 |[0m        content.write(index, destination, block)[0m
[0m[[0m[31merror[0m] [0m[0m[31m[31m   |[0m        ^^^^^^^^^^^^^[0m[0m
[0m[[0m[31merror[0m] [0m[0m[31m   |[0m      value write is not a member of CONTENT.[0m
[0m[[0m[31merror[0m] [0m[0m[31m   |[0m      An extension method was tried, but could not be fully constructed:[0m
[0m[[0m[31merror[0m] [0m[0m[31m   |[0m[0m
[0m[[0m[31merror[0m] [0m[0m[31m   |[0m          [33mthis[0m.write(content)    failed with[0m
[0m[[0m[31merror[0m] [0m[0m[31m   |[0m[0m
[0m[[0m[31merror[0m] [0m[0m[31m   |[0m              Found:    (content : CONTENT)[0m
[0m[[0m[31merror[0m] [0m[0m[31m   |[0m              Required: net.mem_memov.binet.memory.specific.Store[0m
[0m[[0m[31merror[0m] [0m[0m[31m[31m-- Error: /home/u/repos/binet/src/main/scala/net/mem_memov/binet/memory/specific/Store.scala:57:47 [0m[0m[0m
[0m[[0m[31merror[0m] [0m[0m[31m57 |[0m      [33mval[0m [36mt[0m = summon[[35mTrimRight[0m[[35mTRIMMER[0m, [35mBlock[0m]][0m
[0m[[0m[31merror[0m] [0m[0m[31m[31m   |[0m                                               ^[0m[0m
[0m[[0m[31merror[0m] [0m[0m[31m   |[0mAmbiguous given instances: both [33mgiven instance[0m [35mtrimRight[0m in [33mclass[0m [35mwrite[0m and [33mgiven instance[0m [35mSupplementBlocks[0m in [33mclass[0m [35mwrite[0m match type net.mem_memov.binet.memory.specific.store.general.trimmer.TrimRight[TRIMMER, [0m
[0m[[0m[31merror[0m] [0m[0m[31m   |[0m  net.mem_memov.binet.memory.specific.Block[0m
[0m[[0m[31merror[0m] [0m[0m[31m   |[0m] of parameter x of [33mmethod[0m [35msummon[0m in [33mobject[0m [35mPredef[0m[0m
[0m[[0m[31merror[0m] [0m[0m5 errors found[0m
[0m[[0m[31merror[0m] [0m[0m(Compile / [31mcompileIncremental[0m) Compilation failed[0m
[0m[[0m[31merror[0m] [0m[0mTotal time: 0 s, completed 17 Nov. 2022, 3:00:18 pm[0m
[0m[[0m[0mdebug[0m] [0m[0m> Exec(idea-shell, None, None)[0m
