[0m[[0m[0mdebug[0m] [0m[0m> Exec(all {file:/home/u/repos/binet/}root/products {file:/home/u/repos/binet/}root/test:products, None, None)[0m
[0m[[0m[0mdebug[0m] [0m[0mEvaluating tasks: Compile / products, Test / products[0m
[0m[[0m[0mdebug[0m] [0m[0mRunning task... Cancel: Signal, check cycles: false, forcegc: true[0m
[0m[[0m[0minfo[0m] [0m[0mcompiling 1 Scala source to /home/u/repos/binet/target/scala-3.1.3/classes ...[0m
[0m[[0m[0minfo[0m] [0m[0mdone compiling[0m
[0m[[0m[0minfo[0m] [0m[0mcompiling 5 Scala sources to /home/u/repos/binet/target/scala-3.1.3/classes ...[0m
[0m[[0m[31merror[0m] [0m[0m[31m[31m-- Error: /home/u/repos/binet/src/main/scala/net/mem_memov/binet/memory/factory/DefaultFactory.scala:17:45 [0m[0m[0m
[0m[[0m[31merror[0m] [0m[0m[31m17 |[0m    [33mprivate[0m [33mval[0m stockFactory = StockFactory()[0m
[0m[[0m[31merror[0m] [0m[0m[31m[31m   |[0m                                             ^[0m[0m
[0m[[0m[31merror[0m] [0m[0m[31m   |[0mno given instance of type net.mem_memov.binet.memory.factory.defaultFactory.ElementFactory was found for parameter elementFactory of [33mmethod[0m [35mapply[0m in [33mobject[0m [35mStockFactory[0m[0m
[0m[[0m[31merror[0m] [0m[0m[31m[31m-- [E007] Type Mismatch Error: /home/u/repos/binet/src/main/scala/net/mem_memov/binet/memory/level/DefaultLevel.scala:29:45 [0m[0m[0m
[0m[[0m[31merror[0m] [0m[0m[31m29 |[0m      Vector.fill[[35mElement[0m](DefaultLevel.size)(DefaultElement(nextLevel, Option.empty, Option.empty))[0m
[0m[[0m[31merror[0m] [0m[0m[31m[31m   |[0m      ^^^^^^^^^^^^^^^^^^^^^^^^^^^^^^^^^^^^^^^^^^^^^^^^^^^^^^^^^^^^^^^^^^^^^^^^^^^^^^^^^^^^^^^^^^^^^^[0m[0m
[0m[[0m[31merror[0m] [0m[0m[31m   |[0m      Found:    Vector[net.mem_memov.binet.memory.Element][0m
[0m[[0m[31merror[0m] [0m[0m[31m   |[0m      Required: Int[0m
[0m[[0m[31merror[0m] [0m[0m[31m   |[0m[0m
[0m[[0m[31merror[0m] [0m[0m[31m   |[0m longer explanation available when compiling with `-explain`[0m
[0m[[0m[31merror[0m] [0m[0mtwo errors found[0m
[0m[[0m[0mdebug[0m] [0m[0mForcing garbage collection...[0m
[0m[[0m[31merror[0m] [0m[0m(Compile / [31mcompileIncremental[0m) Compilation failed[0m
[0m[[0m[31merror[0m] [0m[0mTotal time: 1 s, completed 21 Oct. 2022, 3:40:37 pm[0m
[0m[[0m[0mdebug[0m] [0m[0m> Exec(idea-shell, None, None)[0m
