[0m[[0m[0mdebug[0m] [0m[0m> Exec(compile, None, None)[0m
[0m[[0m[0mdebug[0m] [0m[0mEvaluating tasks: Compile / compile[0m
[0m[[0m[0mdebug[0m] [0m[0mRunning task... Cancel: Signal, check cycles: false, forcegc: true[0m
[0m[[0m[0minfo[0m] [0m[0mcompiling 1 Scala source to /home/u/repos/binet/target/scala-3.1.3/classes ...[0m
[0m[[0m[31merror[0m] [0m[0m[31m[31m-- [E007] Type Mismatch Error: /home/u/repos/binet/src/main/scala/net/mem_memov/binet/memory/specific/spesificAddress/specific/SpecificFormatter.scala:21:36 [0m[0m[0m
[0m[[0m[31merror[0m] [0m[0m[31m21 |[0m      [33mval[0m [36mtrimmed[0m = trimmer.trimBig(indices)[0m
[0m[[0m[31merror[0m] [0m[0m[31m[31m   |[0m                                    ^^^^^^^[0m[0m
[0m[[0m[31merror[0m] [0m[0m[31m   |[0mFound:    (indices : List[net.mem_memov.binet.memory.general.UnsignedByte])[0m
[0m[[0m[31merror[0m] [0m[0m[31m   |[0mRequired: FORMATTER[0m
[0m[[0m[31merror[0m] [0m[0m[31m   |[0m[0m
[0m[[0m[31merror[0m] [0m[0m[31m   |[0m longer explanation available when compiling with `-explain`[0m
[0m[[0m[31merror[0m] [0m[0m[31m[31m-- [E007] Type Mismatch Error: /home/u/repos/binet/src/main/scala/net/mem_memov/binet/memory/specific/spesificAddress/specific/SpecificFormatter.scala:21:44 [0m[0m[0m
[0m[[0m[31merror[0m] [0m[0m[31m21 |[0m      [33mval[0m [36mtrimmed[0m = trimmer.trimBig(indices)[0m
[0m[[0m[31merror[0m] [0m[0m[31m[31m   |[0m                                            ^[0m[0m
[0m[[0m[31merror[0m] [0m[0m[31m   |[0mFound:    Unit[0m
[0m[[0m[31merror[0m] [0m[0m[31m   |[0mRequired: Either[String, List[net.mem_memov.binet.memory.general.UnsignedByte]][0m
[0m[[0m[31merror[0m] [0m[0m[31m   |[0m[0m
[0m[[0m[31merror[0m] [0m[0m[31m   |[0m longer explanation available when compiling with `-explain`[0m
[0m[[0m[31merror[0m] [0m[0mtwo errors found[0m
[0m[[0m[31merror[0m] [0m[0m(Compile / [31mcompileIncremental[0m) Compilation failed[0m
[0m[[0m[31merror[0m] [0m[0mTotal time: 0 s, completed 10 Nov. 2022, 1:46:51 pm[0m
[0m[[0m[0mdebug[0m] [0m[0m> Exec(idea-shell, None, None)[0m
