[0m[[0m[0mdebug[0m] [0m[0m> Exec(all {file:/home/u/repos/binet/}root/products {file:/home/u/repos/binet/}root/test:products, None, None)[0m
[0m[[0m[0mdebug[0m] [0m[0mEvaluating tasks: Compile / products, Test / products[0m
[0m[[0m[0mdebug[0m] [0m[0mRunning task... Cancel: Signal, check cycles: false, forcegc: true[0m
[0m[[0m[0minfo[0m] [0m[0mcompiling 3 Scala sources to /home/u/repos/binet/target/scala-3.1.3/classes ...[0m
[0m[[0m[31merror[0m] [0m[0m[31m[31m-- [E103] Syntax Error: /home/u/repos/binet/src/main/scala/Main.scala:77:0 -----[0m[0m[0m
[0m[[0m[31merror[0m] [0m[0m[31m77 |[0mWho can see your messages?[0m
[0m[[0m[31merror[0m] [0m[0m[31m[31m   |[0m^^^[0m[0m
[0m[[0m[31merror[0m] [0m[0m[31m   |[0mIllegal start of toplevel definition[0m
[0m[[0m[31merror[0m] [0m[0m[31m   |[0m[0m
[0m[[0m[31merror[0m] [0m[0m[31m   |[0m longer explanation available when compiling with `-explain`[0m
[0m[[0m[31merror[0m] [0m[0m[31m[31m-- [E103] Syntax Error: /home/u/repos/binet/src/main/scala/Main.scala:78:2 -----[0m[0m[0m
[0m[[0m[31merror[0m] [0m[0m[31m78 |[0m  To:[0m
[0m[[0m[31merror[0m] [0m[0m[31m[31m   |[0m  ^^[0m[0m
[0m[[0m[31merror[0m] [0m[0m[31m   |[0m  Illegal start of toplevel definition[0m
[0m[[0m[31merror[0m] [0m[0m[31m   |[0m[0m
[0m[[0m[31merror[0m] [0m[0m[31m   |[0m longer explanation available when compiling with `-explain`[0m
[0m[[0m[31merror[0m] [0m[0m[31m[31m-- Error: /home/u/repos/binet/src/main/scala/Main.scala:54:15 ------------------[0m[0m[0m
[0m[[0m[31merror[0m] [0m[0m[31m54 |[0m  [33mimplicit[0m [33mval[0m [36mec[0m = ExecutionContext.global[0m
[0m[[0m[31merror[0m] [0m[0m[31m[31m   |[0m               ^[0m[0m
[0m[[0m[31merror[0m] [0m[0m[31m   |[0m               type of implicit definition needs to be given explicitly[0m
[0m[[0m[31merror[0m] [0m[0m[31m[31m-- [E008] Not Found Error: /home/u/repos/binet/src/main/scala/Main.scala:57:31 -[0m[0m[0m
[0m[[0m[31merror[0m] [0m[0m[31m57 |[0m    ZIO.sleep([31m1[0m.second) *> ZIO.succed([31m"red"[0m),[0m
[0m[[0m[31merror[0m] [0m[0m[31m[31m   |[0m                           ^^^^^^^^^^[0m[0m
[0m[[0m[31merror[0m] [0m[0m[31m   |[0mvalue succed is not a member of object zio.ZIO - did you mean ZIO.succeed?[0m
[0m[[0m[31merror[0m] [0m[0m[31m[31m-- [E007] Type Mismatch Error: /home/u/repos/binet/src/main/scala/Main.scala:70:78 [0m[0m[0m
[0m[[0m[31merror[0m] [0m[0m[31m70 |[0m  [33mval[0m [36mzio[0m: [35mZIO[0m[[35mAny[0m, [35mNothing[0m, [35mSeq[0m[[35mNothing[0m]] = ZIO.collectAllWith(resultFuture)(identity)[0m
[0m[[0m[31merror[0m] [0m[0m[31m[31m   |[0m                                                                              ^[0m[0m
[0m[[0m[31merror[0m] [0m[0m[31m   |[0m                               Found:    (x : Either[Throwable, String])[0m
[0m[[0m[31merror[0m] [0m[0m[31m   |[0m                               Required: Nothing[0m
[0m[[0m[31merror[0m] [0m[0m[31m   |[0m[0m
[0m[[0m[31merror[0m] [0m[0m[31m   |[0m longer explanation available when compiling with `-explain`[0m
[0m[[0m[31merror[0m] [0m[0m[31m[31m-- [E007] Type Mismatch Error: /home/u/repos/binet/src/main/scala/Main.scala:72:28 [0m[0m[0m
[0m[[0m[31merror[0m] [0m[0m[31m72 |[0m  [33mval[0m [36mresult[0m = Await.result(resultFuture, Duration.Inf)[0m
[0m[[0m[31merror[0m] [0m[0m[31m[31m   |[0m                            ^^^^^^^^^^^^[0m[0m
[0m[[0m[31merror[0m] [0m[0m[31m   |[0mFound:    (SuccessAndFalse.resultFuture : Seq[zio.URIO[Any, Either[Throwable, String]]])[0m
[0m[[0m[31merror[0m] [0m[0m[31m   |[0mRequired: scala.concurrent.Awaitable[Any][0m
[0m[[0m[31merror[0m] [0m[0m[31m   |[0m[0m
[0m[[0m[31merror[0m] [0m[0m[31m   |[0m longer explanation available when compiling with `-explain`[0m
[0m[[0m[31merror[0m] [0m[0m6 errors found[0m
[0m[[0m[0mdebug[0m] [0m[0mForcing garbage collection...[0m
[0m[[0m[31merror[0m] [0m[0m(Compile / [31mcompileIncremental[0m) Compilation failed[0m
[0m[[0m[31merror[0m] [0m[0mTotal time: 2 s, completed 25 Aug. 2022, 2:24:51 pm[0m
[0m[[0m[0mdebug[0m] [0m[0m> Exec(idea-shell, None, None)[0m
