[0m[[0m[0mdebug[0m] [0m[0m> Exec(all {file:/home/u/repos/binet/}root/products {file:/home/u/repos/binet/}root/test:products, None, None)[0m
[0m[[0m[0mdebug[0m] [0m[0mEvaluating tasks: Compile / products, Test / products[0m
[0m[[0m[0mdebug[0m] [0m[0mRunning task... Cancel: Signal, check cycles: false, forcegc: true[0m
[0m[[0m[0minfo[0m] [0m[0mcompiling 36 Scala sources to /home/u/repos/binet/target/scala-3.1.3/classes ...[0m
[0m[[0m[31merror[0m] [0m[0m[31m[31m-- [E008] Not Found Error: /home/u/repos/binet/src/main/scala/net/mem_memov/binet/memory/inventory/DefaultInventory.scala:19:22 [0m[0m[0m
[0m[[0m[31merror[0m] [0m[0m[31m19 |[0m    [33mif[0m trimmedContent >= next && next != addressFactory.zeroAddress [33mthen[0m[0m
[0m[[0m[31merror[0m] [0m[0m[31m[31m   |[0m       ^^^^^^^^^^^^^^^^^[0m[0m
[0m[[0m[31merror[0m] [0m[0m[31m   |[0mvalue >= is not a member of net.mem_memov.binet.memory.Address, but could be made available as an extension method.[0m
[0m[[0m[31merror[0m] [0m[0m[31m   |[0m[0m
[0m[[0m[31merror[0m] [0m[0m[31m   |[0mOne of the following imports might make progress towards fixing the problem:[0m
[0m[[0m[31merror[0m] [0m[0m[31m   |[0m[0m
[0m[[0m[31merror[0m] [0m[0m[31m   |[0m  import math.Ordered.orderingToOrdered[0m
[0m[[0m[31merror[0m] [0m[0m[31m   |[0m  import math.Ordering.Implicits.infixOrderingOps[0m
[0m[[0m[31merror[0m] [0m[0m[31m   |[0m[0m
[0m[[0m[31merror[0m] [0m[0m[31m[31m-- [E008] Not Found Error: /home/u/repos/binet/src/main/scala/net/mem_memov/binet/memory/inventory/DefaultInventory.scala:32:26 [0m[0m[0m
[0m[[0m[31merror[0m] [0m[0m[31m32 |[0m    [33mif[0m trimmedDestination >= next [33mthen[0m[0m
[0m[[0m[31merror[0m] [0m[0m[31m[31m   |[0m       ^^^^^^^^^^^^^^^^^^^^^[0m[0m
[0m[[0m[31merror[0m] [0m[0m[31m   |[0mvalue >= is not a member of net.mem_memov.binet.memory.Address, but could be made available as an extension method.[0m
[0m[[0m[31merror[0m] [0m[0m[31m   |[0m[0m
[0m[[0m[31merror[0m] [0m[0m[31m   |[0mOne of the following imports might make progress towards fixing the problem:[0m
[0m[[0m[31merror[0m] [0m[0m[31m   |[0m[0m
[0m[[0m[31merror[0m] [0m[0m[31m   |[0m  import math.Ordered.orderingToOrdered[0m
[0m[[0m[31merror[0m] [0m[0m[31m   |[0m  import math.Ordering.Implicits.infixOrderingOps[0m
[0m[[0m[31merror[0m] [0m[0m[31m   |[0m[0m
[0m[[0m[31merror[0m] [0m[0m[31m[31m-- [E008] Not Found Error: /home/u/repos/binet/src/main/scala/net/mem_memov/binet/memory/inventory/DefaultInventory.scala:35:24 [0m[0m[0m
[0m[[0m[31merror[0m] [0m[0m[31m35 |[0m      [33mif[0m trimmedContent >= next [33mthen[0m[0m
[0m[[0m[31merror[0m] [0m[0m[31m[31m   |[0m         ^^^^^^^^^^^^^^^^^[0m[0m
[0m[[0m[31merror[0m] [0m[0m[31m   |[0mvalue >= is not a member of net.mem_memov.binet.memory.Address, but could be made available as an extension method.[0m
[0m[[0m[31merror[0m] [0m[0m[31m   |[0m[0m
[0m[[0m[31merror[0m] [0m[0m[31m   |[0mOne of the following imports might make progress towards fixing the problem:[0m
[0m[[0m[31merror[0m] [0m[0m[31m   |[0m[0m
[0m[[0m[31merror[0m] [0m[0m[31m   |[0m  import math.Ordered.orderingToOrdered[0m
[0m[[0m[31merror[0m] [0m[0m[31m   |[0m  import math.Ordering.Implicits.infixOrderingOps[0m
[0m[[0m[31merror[0m] [0m[0m[31m   |[0m[0m
[0m[[0m[31merror[0m] [0m[0m[31m[31m-- [E008] Not Found Error: /home/u/repos/binet/src/main/scala/net/mem_memov/binet/memory/inventory/DefaultInventory.scala:45:21 [0m[0m[0m
[0m[[0m[31merror[0m] [0m[0m[31m45 |[0m    [33mif[0m trimmedOrigin >= next [33mthen[0m[0m
[0m[[0m[31merror[0m] [0m[0m[31m[31m   |[0m       ^^^^^^^^^^^^^^^^[0m[0m
[0m[[0m[31merror[0m] [0m[0m[31m   |[0mvalue >= is not a member of net.mem_memov.binet.memory.Address, but could be made available as an extension method.[0m
[0m[[0m[31merror[0m] [0m[0m[31m   |[0m[0m
[0m[[0m[31merror[0m] [0m[0m[31m   |[0mOne of the following imports might make progress towards fixing the problem:[0m
[0m[[0m[31merror[0m] [0m[0m[31m   |[0m[0m
[0m[[0m[31merror[0m] [0m[0m[31m   |[0m  import math.Ordered.orderingToOrdered[0m
[0m[[0m[31merror[0m] [0m[0m[31m   |[0m  import math.Ordering.Implicits.infixOrderingOps[0m
[0m[[0m[31merror[0m] [0m[0m[31m   |[0m[0m
[0m[[0m[31merror[0m] [0m[0mfour errors found[0m
[0m[[0m[31merror[0m] [0m[0m(Compile / [31mcompileIncremental[0m) Compilation failed[0m
[0m[[0m[31merror[0m] [0m[0mTotal time: 1 s, completed 26 Oct. 2022, 4:13:10 pm[0m
[0m[[0m[0mdebug[0m] [0m[0m> Exec(idea-shell, None, None)[0m
