[0m[[0m[0mdebug[0m] [0m[0m> Exec(all {file:/home/u/repos/binet/}root/products {file:/home/u/repos/binet/}root/test:products, None, None)[0m
[0m[[0m[0mdebug[0m] [0m[0mEvaluating tasks: Compile / products, Test / products[0m
[0m[[0m[0mdebug[0m] [0m[0mRunning task... Cancel: Signal, check cycles: false, forcegc: true[0m
[0m[[0m[0minfo[0m] [0m[0mcompiling 3 Scala sources to /home/u/repos/binet/target/scala-3.1.3/classes ...[0m
[0m[[0m[31merror[0m] [0m[0m[31m[31m-- [E134] Type Error: /home/u/repos/binet/src/main/scala/net/mem_memov/binet/hexagon/Dot.scala:34:17 [0m[0m[0m
[0m[[0m[31merror[0m] [0m[0m[31m34 |[0m        ZIO.fail(Exception(error))[0m
[0m[[0m[31merror[0m] [0m[0m[31m[31m   |[0m                 ^^^^^^^^^[0m[0m
[0m[[0m[31merror[0m] [0m[0m[31m   |[0mNone of the overloaded alternatives of [33mmethod[0m [35mapply[0m in [33mobject[0m [35mException[0m with types[0m
[0m[[0m[31merror[0m] [0m[0m[31m   |[0m (x$0: Throwable): Exception[0m
[0m[[0m[31merror[0m] [0m[0m[31m   |[0m (x$0: String, x$1: Throwable): Exception[0m
[0m[[0m[31merror[0m] [0m[0m[31m   |[0m (x$0: String): Exception[0m
[0m[[0m[31merror[0m] [0m[0m[31m   |[0m (): Exception[0m
[0m[[0m[31merror[0m] [0m[0m[31m   |[0mmatch arguments ((error : Any))[0m
[0m[[0m[31merror[0m] [0m[0m[31m[31m-- [E007] Type Mismatch Error: /home/u/repos/binet/src/main/scala/net/mem_memov/binet/hexagon/Dot.scala:36:45 [0m[0m[0m
[0m[[0m[31merror[0m] [0m[0m[31m36 |[0m        [33mval[0m [36mnewEntry[0m = entry.copy(address3 = incrementedAddress)[0m
[0m[[0m[31merror[0m] [0m[0m[31m[31m   |[0m                                             ^^^^^^^^^^^^^^^^^^[0m[0m
[0m[[0m[31merror[0m] [0m[0m[31m   |[0m                            Found:    (incrementedAddress : Any)[0m
[0m[[0m[31merror[0m] [0m[0m[31m   |[0m                            Required: net.mem_memov.binet.memory.Address[0m
[0m[[0m[31merror[0m] [0m[0m[31m   |[0m[0m
[0m[[0m[31merror[0m] [0m[0m[31m   |[0m longer explanation available when compiling with `-explain`[0m
[0m[[0m[31merror[0m] [0m[0m[31m[31m-- [E134] Type Error: /home/u/repos/binet/src/main/scala/net/mem_memov/binet/hexagon/Dot.scala:62:17 [0m[0m[0m
[0m[[0m[31merror[0m] [0m[0m[31m62 |[0m        ZIO.fail(Exception(error))[0m
[0m[[0m[31merror[0m] [0m[0m[31m[31m   |[0m                 ^^^^^^^^^[0m[0m
[0m[[0m[31merror[0m] [0m[0m[31m   |[0mNone of the overloaded alternatives of [33mmethod[0m [35mapply[0m in [33mobject[0m [35mException[0m with types[0m
[0m[[0m[31merror[0m] [0m[0m[31m   |[0m (x$0: Throwable): Exception[0m
[0m[[0m[31merror[0m] [0m[0m[31m   |[0m (x$0: String, x$1: Throwable): Exception[0m
[0m[[0m[31merror[0m] [0m[0m[31m   |[0m (x$0: String): Exception[0m
[0m[[0m[31merror[0m] [0m[0m[31m   |[0m (): Exception[0m
[0m[[0m[31merror[0m] [0m[0m[31m   |[0mmatch arguments ((error : Any))[0m
[0m[[0m[31merror[0m] [0m[0m[31m[31m-- [E007] Type Mismatch Error: /home/u/repos/binet/src/main/scala/net/mem_memov/binet/hexagon/Dot.scala:64:45 [0m[0m[0m
[0m[[0m[31merror[0m] [0m[0m[31m64 |[0m        [33mval[0m [36mnewEntry[0m = entry.copy(address4 = incrementedAddress)[0m
[0m[[0m[31merror[0m] [0m[0m[31m[31m   |[0m                                             ^^^^^^^^^^^^^^^^^^[0m[0m
[0m[[0m[31merror[0m] [0m[0m[31m   |[0m                            Found:    (incrementedAddress : Any)[0m
[0m[[0m[31merror[0m] [0m[0m[31m   |[0m                            Required: net.mem_memov.binet.memory.Address[0m
[0m[[0m[31merror[0m] [0m[0m[31m   |[0m[0m
[0m[[0m[31merror[0m] [0m[0m[31m   |[0m longer explanation available when compiling with `-explain`[0m
[0m[[0m[31merror[0m] [0m[0m[31m[31m-- [E008] Not Found Error: /home/u/repos/binet/src/main/scala/net/mem_memov/binet/memory/Inventory.scala:22:19 [0m[0m[0m
[0m[[0m[31merror[0m] [0m[0m[31m22 |[0m        newNext <- next.increment[0m
[0m[[0m[31merror[0m] [0m[0m[31m[31m   |[0m                   ^^^^^^^^^^^^^^[0m[0m
[0m[[0m[31merror[0m] [0m[0m[31m   |[0m         value map is not a member of net.mem_memov.binet.memory.Address[0m
[0m[[0m[31merror[0m] [0m[0m5 errors found[0m
[0m[[0m[31merror[0m] [0m[0m(Compile / [31mcompileIncremental[0m) Compilation failed[0m
[0m[[0m[31merror[0m] [0m[0mTotal time: 1 s, completed 10 Oct. 2022, 7:23:03 pm[0m
[0m[[0m[0mdebug[0m] [0m[0m> Exec(idea-shell, None, None)[0m
