[0m[[0m[0mdebug[0m] [0m[0m> Exec(all {file:/home/u/repos/binet/}root/products {file:/home/u/repos/binet/}root/test:products, None, None)[0m
[0m[[0m[0mdebug[0m] [0m[0mEvaluating tasks: Compile / products, Test / products[0m
[0m[[0m[0mdebug[0m] [0m[0mRunning task... Cancel: Signal, check cycles: false, forcegc: true[0m
[0m[[0m[0minfo[0m] [0m[0mcompiling 3 Scala sources to /home/u/repos/binet/target/scala-3.1.3/classes ...[0m
[0m[[0m[0minfo[0m] [0m[0mdone compiling[0m
[0m[[0m[0minfo[0m] [0m[0mcompiling 1 Scala source to /home/u/repos/binet/target/scala-3.1.3/classes ...[0m
[0m[[0m[0minfo[0m] [0m[0mdone compiling[0m
[0m[[0m[0minfo[0m] [0m[0mcompiling 4 Scala sources to /home/u/repos/binet/target/scala-3.1.3/test-classes ...[0m
[0m[[0m[31merror[0m] [0m[0m[31m[31m-- Error: /home/u/repos/binet/src/test/scala/net/mem_memov/binet/memory/tree/TreeElementSuite.scala:26:23 [0m[0m[0m
[0m[[0m[31merror[0m] [0m[0m[31m26 |[0m    [33mval[0m [36mupdatedStore[0m = [33mnew[0m [35mUnusedStore[0m(failMethod) {}[0m
[0m[[0m[31merror[0m] [0m[0m[31m[31m   |[0m                       ^[0m[0m
[0m[[0m[31merror[0m] [0m[0m[31m   |[0mobject creation impossible, since def write[0m
[0m[[0m[31merror[0m] [0m[0m[31m   |[0m  (destination: net.mem_memov.binet.memory.UnsignedByte, content: [0m
[0m[[0m[31merror[0m] [0m[0m[31m   |[0m    Array[net.mem_memov.binet.memory.UnsignedByte][0m
[0m[[0m[31merror[0m] [0m[0m[31m   |[0m  ): Either[String, net.mem_memov.binet.memory.Store] in [33mtrait[0m [35mStore[0m in [33mpackage[0m [35mnet.mem_memov.binet.memory[0m is not defined [0m
[0m[[0m[31merror[0m] [0m[0m[31m   |[0m(Note that[0m
[0m[[0m[31merror[0m] [0m[0m[31m   |[0m parameter Array[net.mem_memov.binet.memory.UnsignedByte] in def write[0m
[0m[[0m[31merror[0m] [0m[0m[31m   |[0m  (destination: net.mem_memov.binet.memory.UnsignedByte, content: [0m
[0m[[0m[31merror[0m] [0m[0m[31m   |[0m    Array[net.mem_memov.binet.memory.UnsignedByte][0m
[0m[[0m[31merror[0m] [0m[0m[31m   |[0m  ): Either[String, net.mem_memov.binet.memory.Store] in [33mtrait[0m [35mStore[0m in [33mpackage[0m [35mnet.mem_memov.binet.memory[0m does not match[0m
[0m[[0m[31merror[0m] [0m[0m[31m   |[0m parameter net.mem_memov.binet.memory.Address in [33moverride[0m def write[0m
[0m[[0m[31merror[0m] [0m[0m[31m   |[0m  (destination: net.mem_memov.binet.memory.UnsignedByte, content: [0m
[0m[[0m[31merror[0m] [0m[0m[31m   |[0m    net.mem_memov.binet.memory.Address[0m
[0m[[0m[31merror[0m] [0m[0m[31m   |[0m  ): Either[String, net.mem_memov.binet.memory.Store] in [33mtrait[0m [35mUnusedStore[0m in [33mpackage[0m [35mnet.mem_memov.binet.memory[0m[0m
[0m[[0m[31merror[0m] [0m[0m[31m   |[0m )[0m
[0m[[0m[31merror[0m] [0m[0m[31m[31m-- Error: /home/u/repos/binet/src/test/scala/net/mem_memov/binet/memory/tree/TreeElementSuite.scala:28:24 [0m[0m[0m
[0m[[0m[31merror[0m] [0m[0m[31m28 |[0m    [33mval[0m [36mexpandedStore[0m = [33mnew[0m [35mUnusedStore[0m(failMethod):[0m
[0m[[0m[31merror[0m] [0m[0m[31m[31m   |[0m                        ^[0m[0m
[0m[[0m[31merror[0m] [0m[0m[31m   |[0mobject creation impossible, since def write[0m
[0m[[0m[31merror[0m] [0m[0m[31m   |[0m  (destination: net.mem_memov.binet.memory.UnsignedByte, content: [0m
[0m[[0m[31merror[0m] [0m[0m[31m   |[0m    Array[net.mem_memov.binet.memory.UnsignedByte][0m
[0m[[0m[31merror[0m] [0m[0m[31m   |[0m  ): Either[String, net.mem_memov.binet.memory.Store] in [33mtrait[0m [35mStore[0m in [33mpackage[0m [35mnet.mem_memov.binet.memory[0m is not defined [0m
[0m[[0m[31merror[0m] [0m[0m[31m   |[0m(Note that[0m
[0m[[0m[31merror[0m] [0m[0m[31m   |[0m parameter Array[net.mem_memov.binet.memory.UnsignedByte] in def write[0m
[0m[[0m[31merror[0m] [0m[0m[31m   |[0m  (destination: net.mem_memov.binet.memory.UnsignedByte, content: [0m
[0m[[0m[31merror[0m] [0m[0m[31m   |[0m    Array[net.mem_memov.binet.memory.UnsignedByte][0m
[0m[[0m[31merror[0m] [0m[0m[31m   |[0m  ): Either[String, net.mem_memov.binet.memory.Store] in [33mtrait[0m [35mStore[0m in [33mpackage[0m [35mnet.mem_memov.binet.memory[0m does not match[0m
[0m[[0m[31merror[0m] [0m[0m[31m   |[0m parameter net.mem_memov.binet.memory.Address in [33moverride[0m def write[0m
[0m[[0m[31merror[0m] [0m[0m[31m   |[0m  (destination: net.mem_memov.binet.memory.UnsignedByte, content: [0m
[0m[[0m[31merror[0m] [0m[0m[31m   |[0m    net.mem_memov.binet.memory.Address[0m
[0m[[0m[31merror[0m] [0m[0m[31m   |[0m  ): Either[String, net.mem_memov.binet.memory.Store] in [33manonymous class[0m [35mObject[0m[33m with [0m[35mnet.mem_memov.binet.memory.UnusedStore[0m {...}[0m
[0m[[0m[31merror[0m] [0m[0m[31m   |[0m )[0m
[0m[[0m[31merror[0m] [0m[0m[31m[31m-- Error: /home/u/repos/binet/src/test/scala/net/mem_memov/binet/memory/tree/TreeElementSuite.scala:36:16 [0m[0m[0m
[0m[[0m[31merror[0m] [0m[0m[31m36 |[0m    [33mval[0m [36mstore[0m = [33mnew[0m [35mUnusedStore[0m(failMethod) {}[0m
[0m[[0m[31merror[0m] [0m[0m[31m[31m   |[0m                ^[0m[0m
[0m[[0m[31merror[0m] [0m[0m[31m   |[0mobject creation impossible, since def write[0m
[0m[[0m[31merror[0m] [0m[0m[31m   |[0m  (destination: net.mem_memov.binet.memory.UnsignedByte, content: [0m
[0m[[0m[31merror[0m] [0m[0m[31m   |[0m    Array[net.mem_memov.binet.memory.UnsignedByte][0m
[0m[[0m[31merror[0m] [0m[0m[31m   |[0m  ): Either[String, net.mem_memov.binet.memory.Store] in [33mtrait[0m [35mStore[0m in [33mpackage[0m [35mnet.mem_memov.binet.memory[0m is not defined [0m
[0m[[0m[31merror[0m] [0m[0m[31m   |[0m(Note that[0m
[0m[[0m[31merror[0m] [0m[0m[31m   |[0m parameter Array[net.mem_memov.binet.memory.UnsignedByte] in def write[0m
[0m[[0m[31merror[0m] [0m[0m[31m   |[0m  (destination: net.mem_memov.binet.memory.UnsignedByte, content: [0m
[0m[[0m[31merror[0m] [0m[0m[31m   |[0m    Array[net.mem_memov.binet.memory.UnsignedByte][0m
[0m[[0m[31merror[0m] [0m[0m[31m   |[0m  ): Either[String, net.mem_memov.binet.memory.Store] in [33mtrait[0m [35mStore[0m in [33mpackage[0m [35mnet.mem_memov.binet.memory[0m does not match[0m
[0m[[0m[31merror[0m] [0m[0m[31m   |[0m parameter net.mem_memov.binet.memory.Address in [33moverride[0m def write[0m
[0m[[0m[31merror[0m] [0m[0m[31m   |[0m  (destination: net.mem_memov.binet.memory.UnsignedByte, content: [0m
[0m[[0m[31merror[0m] [0m[0m[31m   |[0m    net.mem_memov.binet.memory.Address[0m
[0m[[0m[31merror[0m] [0m[0m[31m   |[0m  ): Either[String, net.mem_memov.binet.memory.Store] in [33mtrait[0m [35mUnusedStore[0m in [33mpackage[0m [35mnet.mem_memov.binet.memory[0m[0m
[0m[[0m[31merror[0m] [0m[0m[31m   |[0m )[0m
[0m[[0m[31merror[0m] [0m[0m[31m[31m-- Error: /home/u/repos/binet/src/test/scala/net/mem_memov/binet/memory/tree/TreeElementSuite.scala:60:23 [0m[0m[0m
[0m[[0m[31merror[0m] [0m[0m[31m60 |[0m    [33mval[0m [36mupdatedStore[0m = [33mnew[0m [35mUnusedStore[0m(failMethod) {}[0m
[0m[[0m[31merror[0m] [0m[0m[31m[31m   |[0m                       ^[0m[0m
[0m[[0m[31merror[0m] [0m[0m[31m   |[0mobject creation impossible, since def write[0m
[0m[[0m[31merror[0m] [0m[0m[31m   |[0m  (destination: net.mem_memov.binet.memory.UnsignedByte, content: [0m
[0m[[0m[31merror[0m] [0m[0m[31m   |[0m    Array[net.mem_memov.binet.memory.UnsignedByte][0m
[0m[[0m[31merror[0m] [0m[0m[31m   |[0m  ): Either[String, net.mem_memov.binet.memory.Store] in [33mtrait[0m [35mStore[0m in [33mpackage[0m [35mnet.mem_memov.binet.memory[0m is not defined [0m
[0m[[0m[31merror[0m] [0m[0m[31m   |[0m(Note that[0m
[0m[[0m[31merror[0m] [0m[0m[31m   |[0m parameter Array[net.mem_memov.binet.memory.UnsignedByte] in def write[0m
[0m[[0m[31merror[0m] [0m[0m[31m   |[0m  (destination: net.mem_memov.binet.memory.UnsignedByte, content: [0m
[0m[[0m[31merror[0m] [0m[0m[31m   |[0m    Array[net.mem_memov.binet.memory.UnsignedByte][0m
[0m[[0m[31merror[0m] [0m[0m[31m   |[0m  ): Either[String, net.mem_memov.binet.memory.Store] in [33mtrait[0m [35mStore[0m in [33mpackage[0m [35mnet.mem_memov.binet.memory[0m does not match[0m
[0m[[0m[31merror[0m] [0m[0m[31m   |[0m parameter net.mem_memov.binet.memory.Address in [33moverride[0m def write[0m
[0m[[0m[31merror[0m] [0m[0m[31m   |[0m  (destination: net.mem_memov.binet.memory.UnsignedByte, content: [0m
[0m[[0m[31merror[0m] [0m[0m[31m   |[0m    net.mem_memov.binet.memory.Address[0m
[0m[[0m[31merror[0m] [0m[0m[31m   |[0m  ): Either[String, net.mem_memov.binet.memory.Store] in [33mtrait[0m [35mUnusedStore[0m in [33mpackage[0m [35mnet.mem_memov.binet.memory[0m[0m
[0m[[0m[31merror[0m] [0m[0m[31m   |[0m )[0m
[0m[[0m[31merror[0m] [0m[0m[31m[31m-- Error: /home/u/repos/binet/src/test/scala/net/mem_memov/binet/memory/tree/TreeElementSuite.scala:62:24 [0m[0m[0m
[0m[[0m[31merror[0m] [0m[0m[31m62 |[0m    [33mval[0m [36mexpandedStore[0m = [33mnew[0m [35mUnusedStore[0m(failMethod):[0m
[0m[[0m[31merror[0m] [0m[0m[31m[31m   |[0m                        ^[0m[0m
[0m[[0m[31merror[0m] [0m[0m[31m   |[0mobject creation impossible, since def write[0m
[0m[[0m[31merror[0m] [0m[0m[31m   |[0m  (destination: net.mem_memov.binet.memory.UnsignedByte, content: [0m
[0m[[0m[31merror[0m] [0m[0m[31m   |[0m    Array[net.mem_memov.binet.memory.UnsignedByte][0m
[0m[[0m[31merror[0m] [0m[0m[31m   |[0m  ): Either[String, net.mem_memov.binet.memory.Store] in [33mtrait[0m [35mStore[0m in [33mpackage[0m [35mnet.mem_memov.binet.memory[0m is not defined [0m
[0m[[0m[31merror[0m] [0m[0m[31m   |[0m(Note that[0m
[0m[[0m[31merror[0m] [0m[0m[31m   |[0m parameter Array[net.mem_memov.binet.memory.UnsignedByte] in def write[0m
[0m[[0m[31merror[0m] [0m[0m[31m   |[0m  (destination: net.mem_memov.binet.memory.UnsignedByte, content: [0m
[0m[[0m[31merror[0m] [0m[0m[31m   |[0m    Array[net.mem_memov.binet.memory.UnsignedByte][0m
[0m[[0m[31merror[0m] [0m[0m[31m   |[0m  ): Either[String, net.mem_memov.binet.memory.Store] in [33mtrait[0m [35mStore[0m in [33mpackage[0m [35mnet.mem_memov.binet.memory[0m does not match[0m
[0m[[0m[31merror[0m] [0m[0m[31m   |[0m parameter net.mem_memov.binet.memory.Address in [33moverride[0m def write[0m
[0m[[0m[31merror[0m] [0m[0m[31m   |[0m  (destination: net.mem_memov.binet.memory.UnsignedByte, content: [0m
[0m[[0m[31merror[0m] [0m[0m[31m   |[0m    net.mem_memov.binet.memory.Address[0m
[0m[[0m[31merror[0m] [0m[0m[31m   |[0m  ): Either[String, net.mem_memov.binet.memory.Store] in [33manonymous class[0m [35mObject[0m[33m with [0m[35mnet.mem_memov.binet.memory.UnusedStore[0m {...}[0m
[0m[[0m[31merror[0m] [0m[0m[31m   |[0m )[0m
[0m[[0m[31merror[0m] [0m[0m[31m[31m-- Error: /home/u/repos/binet/src/test/scala/net/mem_memov/binet/memory/tree/TreeElementSuite.scala:70:16 [0m[0m[0m
[0m[[0m[31merror[0m] [0m[0m[31m70 |[0m    [33mval[0m [36mstore[0m = [33mnew[0m [35mUnusedStore[0m(failMethod) {}[0m
[0m[[0m[31merror[0m] [0m[0m[31m[31m   |[0m                ^[0m[0m
[0m[[0m[31merror[0m] [0m[0m[31m   |[0mobject creation impossible, since def write[0m
[0m[[0m[31merror[0m] [0m[0m[31m   |[0m  (destination: net.mem_memov.binet.memory.UnsignedByte, content: [0m
[0m[[0m[31merror[0m] [0m[0m[31m   |[0m    Array[net.mem_memov.binet.memory.UnsignedByte][0m
[0m[[0m[31merror[0m] [0m[0m[31m   |[0m  ): Either[String, net.mem_memov.binet.memory.Store] in [33mtrait[0m [35mStore[0m in [33mpackage[0m [35mnet.mem_memov.binet.memory[0m is not defined [0m
[0m[[0m[31merror[0m] [0m[0m[31m   |[0m(Note that[0m
[0m[[0m[31merror[0m] [0m[0m[31m   |[0m parameter Array[net.mem_memov.binet.memory.UnsignedByte] in def write[0m
[0m[[0m[31merror[0m] [0m[0m[31m   |[0m  (destination: net.mem_memov.binet.memory.UnsignedByte, content: [0m
[0m[[0m[31merror[0m] [0m[0m[31m   |[0m    Array[net.mem_memov.binet.memory.UnsignedByte][0m
[0m[[0m[31merror[0m] [0m[0m[31m   |[0m  ): Either[String, net.mem_memov.binet.memory.Store] in [33mtrait[0m [35mStore[0m in [33mpackage[0m [35mnet.mem_memov.binet.memory[0m does not match[0m
[0m[[0m[31merror[0m] [0m[0m[31m   |[0m parameter net.mem_memov.binet.memory.Address in [33moverride[0m def write[0m
[0m[[0m[31merror[0m] [0m[0m[31m   |[0m  (destination: net.mem_memov.binet.memory.UnsignedByte, content: [0m
[0m[[0m[31merror[0m] [0m[0m[31m   |[0m    net.mem_memov.binet.memory.Address[0m
[0m[[0m[31merror[0m] [0m[0m[31m   |[0m  ): Either[String, net.mem_memov.binet.memory.Store] in [33mtrait[0m [35mUnusedStore[0m in [33mpackage[0m [35mnet.mem_memov.binet.memory[0m[0m
[0m[[0m[31merror[0m] [0m[0m[31m   |[0m )[0m
[0m[[0m[31merror[0m] [0m[0m[31m[31m-- Error: /home/u/repos/binet/src/test/scala/net/mem_memov/binet/memory/tree/TreeElementSuite.scala:172:16 [0m[0m[0m
[0m[[0m[31merror[0m] [0m[0m[31m172 |[0m    [33mval[0m [36mstore[0m = [33mnew[0m [35mUnusedStore[0m(failMethod):[0m
[0m[[0m[31merror[0m] [0m[0m[31m[31m    |[0m                ^[0m[0m
[0m[[0m[31merror[0m] [0m[0m[31m    |[0mobject creation impossible, since def write[0m
[0m[[0m[31merror[0m] [0m[0m[31m    |[0m  (destination: net.mem_memov.binet.memory.UnsignedByte, content: [0m
[0m[[0m[31merror[0m] [0m[0m[31m    |[0m    Array[net.mem_memov.binet.memory.UnsignedByte][0m
[0m[[0m[31merror[0m] [0m[0m[31m    |[0m  ): Either[String, net.mem_memov.binet.memory.Store] in [33mtrait[0m [35mStore[0m in [33mpackage[0m [35mnet.mem_memov.binet.memory[0m is not defined [0m
[0m[[0m[31merror[0m] [0m[0m[31m    |[0m(Note that[0m
[0m[[0m[31merror[0m] [0m[0m[31m    |[0m parameter Array[net.mem_memov.binet.memory.UnsignedByte] in def write[0m
[0m[[0m[31merror[0m] [0m[0m[31m    |[0m  (destination: net.mem_memov.binet.memory.UnsignedByte, content: [0m
[0m[[0m[31merror[0m] [0m[0m[31m    |[0m    Array[net.mem_memov.binet.memory.UnsignedByte][0m
[0m[[0m[31merror[0m] [0m[0m[31m    |[0m  ): Either[String, net.mem_memov.binet.memory.Store] in [33mtrait[0m [35mStore[0m in [33mpackage[0m [35mnet.mem_memov.binet.memory[0m does not match[0m
[0m[[0m[31merror[0m] [0m[0m[31m    |[0m parameter net.mem_memov.binet.memory.Address in [33moverride[0m def write[0m
[0m[[0m[31merror[0m] [0m[0m[31m    |[0m  (destination: net.mem_memov.binet.memory.UnsignedByte, content: [0m
[0m[[0m[31merror[0m] [0m[0m[31m    |[0m    net.mem_memov.binet.memory.Address[0m
[0m[[0m[31merror[0m] [0m[0m[31m    |[0m  ): Either[String, net.mem_memov.binet.memory.Store] in [33mtrait[0m [35mUnusedStore[0m in [33mpackage[0m [35mnet.mem_memov.binet.memory[0m[0m
[0m[[0m[31merror[0m] [0m[0m[31m    |[0m )[0m
[0m[[0m[31merror[0m] [0m[0m[31m[31m-- Error: /home/u/repos/binet/src/test/scala/net/mem_memov/binet/memory/tree/TreeElementSuite.scala:202:16 [0m[0m[0m
[0m[[0m[31merror[0m] [0m[0m[31m202 |[0m    [33mval[0m [36mstore[0m = [33mnew[0m [35mUnusedStore[0m(failMethod):[0m
[0m[[0m[31merror[0m] [0m[0m[31m[31m    |[0m                ^[0m[0m
[0m[[0m[31merror[0m] [0m[0m[31m    |[0mobject creation impossible, since def write[0m
[0m[[0m[31merror[0m] [0m[0m[31m    |[0m  (destination: net.mem_memov.binet.memory.UnsignedByte, content: [0m
[0m[[0m[31merror[0m] [0m[0m[31m    |[0m    Array[net.mem_memov.binet.memory.UnsignedByte][0m
[0m[[0m[31merror[0m] [0m[0m[31m    |[0m  ): Either[String, net.mem_memov.binet.memory.Store] in [33mtrait[0m [35mStore[0m in [33mpackage[0m [35mnet.mem_memov.binet.memory[0m is not defined [0m
[0m[[0m[31merror[0m] [0m[0m[31m    |[0m(Note that[0m
[0m[[0m[31merror[0m] [0m[0m[31m    |[0m parameter Array[net.mem_memov.binet.memory.UnsignedByte] in def write[0m
[0m[[0m[31merror[0m] [0m[0m[31m    |[0m  (destination: net.mem_memov.binet.memory.UnsignedByte, content: [0m
[0m[[0m[31merror[0m] [0m[0m[31m    |[0m    Array[net.mem_memov.binet.memory.UnsignedByte][0m
[0m[[0m[31merror[0m] [0m[0m[31m    |[0m  ): Either[String, net.mem_memov.binet.memory.Store] in [33mtrait[0m [35mStore[0m in [33mpackage[0m [35mnet.mem_memov.binet.memory[0m does not match[0m
[0m[[0m[31merror[0m] [0m[0m[31m    |[0m parameter net.mem_memov.binet.memory.Address in [33moverride[0m def write[0m
[0m[[0m[31merror[0m] [0m[0m[31m    |[0m  (destination: net.mem_memov.binet.memory.UnsignedByte, content: [0m
[0m[[0m[31merror[0m] [0m[0m[31m    |[0m    net.mem_memov.binet.memory.Address[0m
[0m[[0m[31merror[0m] [0m[0m[31m    |[0m  ): Either[String, net.mem_memov.binet.memory.Store] in [33mtrait[0m [35mUnusedStore[0m in [33mpackage[0m [35mnet.mem_memov.binet.memory[0m[0m
[0m[[0m[31merror[0m] [0m[0m[31m    |[0m )[0m
[0m[[0m[31merror[0m] [0m[0m8 errors found[0m
[0m[[0m[0mdebug[0m] [0m[0mForcing garbage collection...[0m
[0m[[0m[31merror[0m] [0m[0m(Test / [31mcompileIncremental[0m) Compilation failed[0m
[0m[[0m[31merror[0m] [0m[0mTotal time: 3 s, completed 31 Oct. 2022, 10:42:19 am[0m
[0m[[0m[0mdebug[0m] [0m[0m> Exec(idea-shell, None, None)[0m
