[0m[[0m[0mdebug[0m] [0m[0m> Exec(all {file:/home/u/repos/binet/}root/products {file:/home/u/repos/binet/}root/test:products, None, None)[0m
[0m[[0m[0mdebug[0m] [0m[0mEvaluating tasks: Compile / products, Test / products[0m
[0m[[0m[0mdebug[0m] [0m[0mRunning task... Cancel: Signal, check cycles: false, forcegc: true[0m
[0m[[0m[0minfo[0m] [0m[0mcompiling 1 Scala source to /home/u/repos/binet/target/scala-3.1.3/test-classes ...[0m
[0m[[0m[31merror[0m] [0m[0m[31m[31m-- [E103] Syntax Error: /home/u/repos/binet/src/test/scala/net/mem_memov/binet/memory/inventory/DefaultInventoryUnitSuite.scala:55:0 [0m[0m[0m
[0m[[0m[31merror[0m] [0m[0m[31m55 |[0mtest([31m"Inventory appends content"[0m) {[0m
[0m[[0m[31merror[0m] [0m[0m[31m[31m   |[0m^^^^[0m[0m
[0m[[0m[31merror[0m] [0m[0m[31m   |[0mIllegal start of toplevel definition[0m
[0m[[0m[31merror[0m] [0m[0m[31m   |[0m[0m
[0m[[0m[31merror[0m] [0m[0m[31m   |[0m longer explanation available when compiling with `-explain`[0m
[0m[[0m[31merror[0m] [0m[0m[31m[31m-- [E103] Syntax Error: /home/u/repos/binet/src/test/scala/net/mem_memov/binet/memory/inventory/DefaultInventoryUnitSuite.scala:104:2 [0m[0m[0m
[0m[[0m[31merror[0m] [0m[0m[31m104 |[0m  test([31m"Inventory appends first content"[0m) {[0m
[0m[[0m[31merror[0m] [0m[0m[31m[31m    |[0m  ^^^^[0m[0m
[0m[[0m[31merror[0m] [0m[0m[31m    |[0m  Illegal start of toplevel definition[0m
[0m[[0m[31merror[0m] [0m[0m[31m    |[0m[0m
[0m[[0m[31merror[0m] [0m[0m[31m    |[0m longer explanation available when compiling with `-explain`[0m
[0m[[0m[31merror[0m] [0m[0mtwo errors found[0m
[0m[[0m[31merror[0m] [0m[0m(Test / [31mcompileIncremental[0m) Compilation failed[0m
[0m[[0m[31merror[0m] [0m[0mTotal time: 0 s, completed 27 Oct. 2022, 10:30:05 am[0m
[0m[[0m[0mdebug[0m] [0m[0m> Exec(idea-shell, None, None)[0m
