[0m[[0m[0mdebug[0m] [0m[0m> Exec(all {file:/home/u/repos/binet/}root/products {file:/home/u/repos/binet/}root/test:products, None, None)[0m
[0m[[0m[0mdebug[0m] [0m[0mEvaluating tasks: Compile / products, Test / products[0m
[0m[[0m[0mdebug[0m] [0m[0mRunning task... Cancel: Signal, check cycles: false, forcegc: true[0m
[0m[[0m[0minfo[0m] [0m[0mcompiling 2 Scala sources to /home/u/repos/binet/target/scala-3.1.3/classes ...[0m
[0m[[0m[31merror[0m] [0m[0m[31m[31m-- [E007] Type Mismatch Error: /home/u/repos/binet/src/main/scala/net/mem_memov/binet/memory/tree/TreeStore.scala:41:12 [0m[0m[0m
[0m[[0m[31merror[0m] [0m[0m[31m41 |[0m            pair: ([35mUnsignedByte[0m, [35mBlock[0m) <- pairs[0m
[0m[[0m[31merror[0m] [0m[0m[31m[31m   |[0m            ^[0m[0m
[0m[[0m[31merror[0m] [0m[0m[31m   |[0mFound:    ((net.mem_memov.binet.memory.UnsignedByte, net.mem_memov.binet.memory.Block)) =>[0m
[0m[[0m[31merror[0m] [0m[0m[31m   |[0m   [0m
[0m[[0m[31merror[0m] [0m[0m[31m   |[0m((net.mem_memov.binet.memory.UnsignedByte, net.mem_memov.binet.memory.Block), ([0m
[0m[[0m[31merror[0m] [0m[0m[31m   |[0m  net.mem_memov.binet.memory.UnsignedByte[0m
[0m[[0m[31merror[0m] [0m[0m[31m   |[0m, net.mem_memov.binet.memory.Block))[0m
[0m[[0m[31merror[0m] [0m[0m[31m   |[0mRequired: [t] => (t) => Nothing[0m
[0m[[0m[31merror[0m] [0m[0m[31m42 |[0m            (part, block) = pair[0m
[0m[[0m[31merror[0m] [0m[0m[31m   |[0m[0m
[0m[[0m[31merror[0m] [0m[0m[31m   |[0m longer explanation available when compiling with `-explain`[0m
[0m[[0m[31merror[0m] [0m[0m[31m[31m-- Error: /home/u/repos/binet/src/main/scala/net/mem_memov/binet/memory/tree/TreeStore.scala:46:45 [0m[0m[0m
[0m[[0m[31merror[0m] [0m[0m[31m46 |[0m    } [33myield[0m [33mthis[0m.copy(blocks = modifiedBlock)[0m
[0m[[0m[31merror[0m] [0m[0m[31m[31m   |[0m                                             ^[0m[0m
[0m[[0m[31merror[0m] [0m[0m[31m   |[0mno given instance of type Either[Nothing, net.mem_memov.binet.memory.tree.TreeStore] => Iterable[B] was found for parameter asIterable of [33mmethod[0m [35mflatMap[0m in [33mclass[0m [35mArrayOps[0m[0m
[0m[[0m[31merror[0m] [0m[0m[31m   |[0m[0m
[0m[[0m[31merror[0m] [0m[0m[31m   |[0mwhere:    B is a type variable[0m
[0m[[0m[31merror[0m] [0m[0mtwo errors found[0m
[0m[[0m[31merror[0m] [0m[0m(Compile / [31mcompileIncremental[0m) Compilation failed[0m
[0m[[0m[31merror[0m] [0m[0mTotal time: 0 s, completed 31 Oct. 2022, 10:25:13 am[0m
[0m[[0m[0mdebug[0m] [0m[0m> Exec(idea-shell, None, None)[0m
