[0m[[0m[0mdebug[0m] [0m[0m> Exec(all {file:/home/u/repos/binet/}root/products {file:/home/u/repos/binet/}root/test:products, None, None)[0m
[0m[[0m[0mdebug[0m] [0m[0mEvaluating tasks: Compile / products, Test / products[0m
[0m[[0m[0mdebug[0m] [0m[0mRunning task... Cancel: Signal, check cycles: false, forcegc: true[0m
[0m[[0m[0minfo[0m] [0m[0mcompiling 1 Scala source to /home/u/repos/binet/target/scala-3.1.3/classes ...[0m
[0m[[0m[31merror[0m] [0m[0m[31m[31m-- [E008] Not Found Error: /home/u/repos/binet/src/main/scala/Main.scala:23:71 -[0m[0m[0m
[0m[[0m[31merror[0m] [0m[0m[31m23 |[0m  [33mval[0m [36msum[0m = withoutZero.tail.foldLeft(([31m0[0m, withoutZero.headOption.map(_ > [31m0[0m))) { [33mcase[0m ((count, isPositive), number) =>[0m
[0m[[0m[31merror[0m] [0m[0m[31m[31m   |[0m                                                                     ^^^[0m[0m
[0m[[0m[31merror[0m] [0m[0m[31m   |[0mvalue > is not a member of Nothing, but could be made available as an extension method.[0m
[0m[[0m[31merror[0m] [0m[0m[31m   |[0m[0m
[0m[[0m[31merror[0m] [0m[0m[31m   |[0mOne of the following imports might fix the problem:[0m
[0m[[0m[31merror[0m] [0m[0m[31m   |[0m[0m
[0m[[0m[31merror[0m] [0m[0m[31m   |[0m  import Byte.byte2double[0m
[0m[[0m[31merror[0m] [0m[0m[31m   |[0m  import Byte.byte2float[0m
[0m[[0m[31merror[0m] [0m[0m[31m   |[0m  import Byte.byte2int[0m
[0m[[0m[31merror[0m] [0m[0m[31m   |[0m  import Byte.byte2long[0m
[0m[[0m[31merror[0m] [0m[0m[31m   |[0m  import Byte.byte2short[0m
[0m[[0m[31merror[0m] [0m[0m[31m   |[0m  import Char.char2double[0m
[0m[[0m[31merror[0m] [0m[0m[31m   |[0m  import Char.char2float[0m
[0m[[0m[31merror[0m] [0m[0m[31m   |[0m  import Char.char2int[0m
[0m[[0m[31merror[0m] [0m[0m[31m   |[0m  import Char.char2long[0m
[0m[[0m[31merror[0m] [0m[0m[31m   |[0m  import math.BigDecimal.RoundingMode.ValueOrdering.mkOrderingOps[0m
[0m[[0m[31merror[0m] [0m[0m[31m   |[0m[0m
[0m[[0m[31merror[0m] [0m[0m[31m[31m-- [E008] Not Found Error: /home/u/repos/binet/src/main/scala/Main.scala:26:18 -[0m[0m[0m
[0m[[0m[31merror[0m] [0m[0m[31m26 |[0m        [33mif[0m number > [31m0[0m [33mthen[0m[0m
[0m[[0m[31merror[0m] [0m[0m[31m[31m   |[0m           ^^^^^^^^[0m[0m
[0m[[0m[31merror[0m] [0m[0m[31m   |[0mvalue > is not a member of Nothing, but could be made available as an extension method.[0m
[0m[[0m[31merror[0m] [0m[0m[31m   |[0m[0m
[0m[[0m[31merror[0m] [0m[0m[31m   |[0mOne of the following imports might fix the problem:[0m
[0m[[0m[31merror[0m] [0m[0m[31m   |[0m[0m
[0m[[0m[31merror[0m] [0m[0m[31m   |[0m  import Byte.byte2double[0m
[0m[[0m[31merror[0m] [0m[0m[31m   |[0m  import Byte.byte2float[0m
[0m[[0m[31merror[0m] [0m[0m[31m   |[0m  import Byte.byte2int[0m
[0m[[0m[31merror[0m] [0m[0m[31m   |[0m  import Byte.byte2long[0m
[0m[[0m[31merror[0m] [0m[0m[31m   |[0m  import Byte.byte2short[0m
[0m[[0m[31merror[0m] [0m[0m[31m   |[0m  import Char.char2double[0m
[0m[[0m[31merror[0m] [0m[0m[31m   |[0m  import Char.char2float[0m
[0m[[0m[31merror[0m] [0m[0m[31m   |[0m  import Char.char2int[0m
[0m[[0m[31merror[0m] [0m[0m[31m   |[0m  import Char.char2long[0m
[0m[[0m[31merror[0m] [0m[0m[31m   |[0m  import concurrent.duration.Deadline.DeadlineIsOrdered.mkOrderingOps[0m
[0m[[0m[31merror[0m] [0m[0m[31m   |[0m[0m
[0m[[0m[31merror[0m] [0m[0m[31m[31m-- [E008] Not Found Error: /home/u/repos/binet/src/main/scala/Main.scala:27:13 -[0m[0m[0m
[0m[[0m[31merror[0m] [0m[0m[31m27 |[0m          [33mif[0m !positive [33mthen[0m[0m
[0m[[0m[31merror[0m] [0m[0m[31m[31m   |[0m             ^^^^^^^^^[0m[0m
[0m[[0m[31merror[0m] [0m[0m[31m   |[0m             value unary_! is not a member of Any[0m
[0m[[0m[31merror[0m] [0m[0m[31m[31m-- [E008] Not Found Error: /home/u/repos/binet/src/main/scala/Main.scala:32:13 -[0m[0m[0m
[0m[[0m[31merror[0m] [0m[0m[31m32 |[0m          [33mif[0m !positive [33mthen[0m[0m
[0m[[0m[31merror[0m] [0m[0m[31m[31m   |[0m             ^^^^^^^^^[0m[0m
[0m[[0m[31merror[0m] [0m[0m[31m   |[0m             value unary_! is not a member of Any[0m
[0m[[0m[31merror[0m] [0m[0m[31m[31m-- [E008] Not Found Error: /home/u/repos/binet/src/main/scala/Main.scala:38:28 -[0m[0m[0m
[0m[[0m[31merror[0m] [0m[0m[31m38 |[0m        (count, Some(number > [31m0[0m))[0m
[0m[[0m[31merror[0m] [0m[0m[31m[31m   |[0m                     ^^^^^^^^[0m[0m
[0m[[0m[31merror[0m] [0m[0m[31m   |[0mvalue > is not a member of Nothing, but could be made available as an extension method.[0m
[0m[[0m[31merror[0m] [0m[0m[31m   |[0m[0m
[0m[[0m[31merror[0m] [0m[0m[31m   |[0mOne of the following imports might fix the problem:[0m
[0m[[0m[31merror[0m] [0m[0m[31m   |[0m[0m
[0m[[0m[31merror[0m] [0m[0m[31m   |[0m  import Byte.byte2double[0m
[0m[[0m[31merror[0m] [0m[0m[31m   |[0m  import Byte.byte2float[0m
[0m[[0m[31merror[0m] [0m[0m[31m   |[0m  import Byte.byte2int[0m
[0m[[0m[31merror[0m] [0m[0m[31m   |[0m  import Byte.byte2long[0m
[0m[[0m[31merror[0m] [0m[0m[31m   |[0m  import Byte.byte2short[0m
[0m[[0m[31merror[0m] [0m[0m[31m   |[0m  import Char.char2double[0m
[0m[[0m[31merror[0m] [0m[0m[31m   |[0m  import Char.char2float[0m
[0m[[0m[31merror[0m] [0m[0m[31m   |[0m  import Char.char2int[0m
[0m[[0m[31merror[0m] [0m[0m[31m   |[0m  import Char.char2long[0m
[0m[[0m[31merror[0m] [0m[0m[31m   |[0m  import concurrent.duration.Deadline.DeadlineIsOrdered.mkOrderingOps[0m
[0m[[0m[31merror[0m] [0m[0m[31m   |[0m[0m
[0m[[0m[31merror[0m] [0m[0m5 errors found[0m
[0m[[0m[31merror[0m] [0m[0m(Compile / [31mcompileIncremental[0m) Compilation failed[0m
[0m[[0m[31merror[0m] [0m[0mTotal time: 1 s, completed 25 Aug. 2022, 1:28:42 pm[0m
[0m[[0m[0mdebug[0m] [0m[0m> Exec(idea-shell, None, None)[0m
