[0m[[0m[0mdebug[0m] [0m[0m> Exec(compile, None, None)[0m
[0m[[0m[0mdebug[0m] [0m[0mEvaluating tasks: Compile / compile[0m
[0m[[0m[0mdebug[0m] [0m[0mRunning task... Cancel: Signal, check cycles: false, forcegc: true[0m
[0m[[0m[0minfo[0m] [0m[0mcompiling 18 Scala sources to /home/u/repos/binet/target/scala-3.1.3/classes ...[0m
[0m[[0m[31merror[0m] [0m[0m[31m[31m-- [E018] Syntax Error: /home/u/repos/binet/src/main/scala/net/mem_memov/binet/hexagon/Edge.scala:12:7 [0m[0m[0m
[0m[[0m[31merror[0m] [0m[0m[31m12 |[0m    [41m???[0m[0m
[0m[[0m[31merror[0m] [0m[0m[31m[31m   |[0m       ^[0m[0m
[0m[[0m[31merror[0m] [0m[0m[31m   |[0m       expression expected but [31mobject[0m found[0m
[0m[[0m[31merror[0m] [0m[0m[31m   |[0m[0m
[0m[[0m[31merror[0m] [0m[0m[31m   |[0m longer explanation available when compiling with `-explain`[0m
[0m[[0m[31merror[0m] [0m[0m[31m[31m-- [E006] Not Found Error: /home/u/repos/binet/src/main/scala/net/mem_memov/binet/hexagon/Edge.scala:11:7 [0m[0m[0m
[0m[[0m[31merror[0m] [0m[0m[31m11 |[0m    [33mif[0m arrow.h[0m
[0m[[0m[31merror[0m] [0m[0m[31m[31m   |[0m       ^^^^^[0m[0m
[0m[[0m[31merror[0m] [0m[0m[31m   |[0m       Not found: arrow[0m
[0m[[0m[31merror[0m] [0m[0m[31m   |[0m[0m
[0m[[0m[31merror[0m] [0m[0m[31m   |[0m longer explanation available when compiling with `-explain`[0m
[0m[[0m[33mwarn[0m] [0m[0m[33m[33m-- Warning: /home/u/repos/binet/src/main/scala/net/mem_memov/binet/hexagon/Edge.scala:10:2 [0m[0m[0m
[0m[[0m[33mwarn[0m] [0m[0m[33m10 |[0m  [33mdef[0m [36mfindBySourceDot[0m([36msourceDot[0m: [35mDot[0m): [35mTask[0m[[35mOption[0m[[35mEdge[0m]] =[0m
[0m[[0m[33mwarn[0m] [0m[0m[33m[33m   |[0m  ^[0m[0m
[0m[[0m[33mwarn[0m] [0m[0m[33m   |[0m  Line is indented too far to the right, or a `{` or `:` is missing[0m
[0m[[0m[33mwarn[0m] [0m[0m[33m[33m-- [E129] Potential Issue Warning: /home/u/repos/binet/src/main/scala/net/mem_memov/binet/hexagon/Edge.scala:32:2 [0m[0m[0m
[0m[[0m[33mwarn[0m] [0m[0m[33m30 |[0m[33mobject[0m [35mEdge[0m:[0m
[0m[[0m[33mwarn[0m] [0m[0m[33m31 |[0m  [33mdef[0m [36mapply[0m([36mnetwork[0m: [35mNetwork[0m, [36marrow[0m: [35mArrow[0m): [35mEdge[0m =[0m
[0m[[0m[33mwarn[0m] [0m[0m[33m[33m   |[0m            ^[0m[0m
[0m[[0m[33mwarn[0m] [0m[0m[33m   |[0mA pure expression does nothing in statement position; you may be omitting necessary parentheses[0m
[0m[[0m[33mwarn[0m] [0m[0m[33m   |[0m[0m
[0m[[0m[33mwarn[0m] [0m[0m[33m   |[0m longer explanation available when compiling with `-explain`[0m
[0m[[0m[33mwarn[0m] [0m[0mtwo warnings found[0m
[0m[[0m[31merror[0m] [0m[0mtwo errors found[0m
[0m[[0m[31merror[0m] [0m[0m(Compile / [31mcompileIncremental[0m) Compilation failed[0m
[0m[[0m[31merror[0m] [0m[0mTotal time: 3 s, completed 30 Aug. 2022, 10:15:09 am[0m
[0m[[0m[0mdebug[0m] [0m[0m> Exec(idea-shell, None, None)[0m
